<?xml version="1.0" encoding="UTF-8"?>
<testsuite name="com.example.demo.Service.UserconnectionTest" tests="1" skipped="0" failures="0" errors="0" timestamp="2023-04-06T10:48:54" hostname="albanero-Ubuntu" time="0.031">
  <properties/>
  <testcase name="addUserTest()" classname="com.example.demo.Service.UserconnectionTest" time="0.031"/>
  <system-out><![CDATA[16:18:51.889 [Test worker] DEBUG org.springframework.test.context.BootstrapUtils - Instantiating CacheAwareContextLoaderDelegate from class [org.springframework.test.context.cache.DefaultCacheAwareContextLoaderDelegate]
16:18:51.896 [Test worker] DEBUG org.springframework.test.context.BootstrapUtils - Instantiating BootstrapContext using constructor [public org.springframework.test.context.support.DefaultBootstrapContext(java.lang.Class,org.springframework.test.context.CacheAwareContextLoaderDelegate)]
16:18:51.920 [Test worker] DEBUG org.springframework.test.context.BootstrapUtils - Instantiating TestContextBootstrapper for test class [com.example.demo.Service.UserconnectionTest] from class [org.springframework.boot.test.context.SpringBootTestContextBootstrapper]
16:18:51.927 [Test worker] INFO org.springframework.boot.test.context.SpringBootTestContextBootstrapper - Neither @ContextConfiguration nor @ContextHierarchy found for test class [com.example.demo.Service.UserconnectionTest], using SpringBootContextLoader
16:18:51.930 [Test worker] DEBUG org.springframework.test.context.support.AbstractContextLoader - Did not detect default resource location for test class [com.example.demo.Service.UserconnectionTest]: class path resource [com/example/demo/Service/UserconnectionTest-context.xml] does not exist
16:18:51.931 [Test worker] DEBUG org.springframework.test.context.support.AbstractContextLoader - Did not detect default resource location for test class [com.example.demo.Service.UserconnectionTest]: class path resource [com/example/demo/Service/UserconnectionTestContext.groovy] does not exist
16:18:51.931 [Test worker] INFO org.springframework.test.context.support.AbstractContextLoader - Could not detect default resource locations for test class [com.example.demo.Service.UserconnectionTest]: no resource found for suffixes {-context.xml, Context.groovy}.
16:18:51.932 [Test worker] INFO org.springframework.test.context.support.AnnotationConfigContextLoaderUtils - Could not detect default configuration classes for test class [com.example.demo.Service.UserconnectionTest]: UserconnectionTest does not declare any static, non-private, non-final, nested classes annotated with @Configuration.
16:18:51.967 [Test worker] DEBUG org.springframework.test.context.support.ActiveProfilesUtils - Could not find an 'annotation declaring class' for annotation type [org.springframework.test.context.ActiveProfiles] and class [com.example.demo.Service.UserconnectionTest]
16:18:52.021 [Test worker] DEBUG org.springframework.context.annotation.ClassPathScanningCandidateComponentProvider - Identified candidate component class: file [/home/albanero/Downloads/demo (1)/demo/build/classes/java/main/com/example/demo/DemoApplication.class]
16:18:52.021 [Test worker] INFO org.springframework.boot.test.context.SpringBootTestContextBootstrapper - Found @SpringBootConfiguration com.example.demo.DemoApplication for test class com.example.demo.Service.UserconnectionTest
16:18:52.068 [Test worker] DEBUG org.springframework.boot.test.context.SpringBootTestContextBootstrapper - @TestExecutionListeners is not present for class [com.example.demo.Service.UserconnectionTest]: using defaults.
16:18:52.069 [Test worker] INFO org.springframework.boot.test.context.SpringBootTestContextBootstrapper - Loaded default TestExecutionListener class names from location [META-INF/spring.factories]: [org.springframework.boot.test.autoconfigure.restdocs.RestDocsTestExecutionListener, org.springframework.boot.test.autoconfigure.web.client.MockRestServiceServerResetTestExecutionListener, org.springframework.boot.test.autoconfigure.web.servlet.MockMvcPrintOnlyOnFailureTestExecutionListener, org.springframework.boot.test.autoconfigure.web.servlet.WebDriverTestExecutionListener, org.springframework.boot.test.autoconfigure.webservices.client.MockWebServiceServerTestExecutionListener, org.springframework.boot.test.mock.mockito.MockitoTestExecutionListener, org.springframework.boot.test.mock.mockito.ResetMocksTestExecutionListener, org.springframework.test.context.web.ServletTestExecutionListener, org.springframework.test.context.support.DirtiesContextBeforeModesTestExecutionListener, org.springframework.test.context.event.ApplicationEventsTestExecutionListener, org.springframework.test.context.support.DependencyInjectionTestExecutionListener, org.springframework.test.context.support.DirtiesContextTestExecutionListener, org.springframework.test.context.transaction.TransactionalTestExecutionListener, org.springframework.test.context.jdbc.SqlScriptsTestExecutionListener, org.springframework.test.context.event.EventPublishingTestExecutionListener]
16:18:52.078 [Test worker] INFO org.springframework.boot.test.context.SpringBootTestContextBootstrapper - Using TestExecutionListeners: [org.springframework.test.context.web.ServletTestExecutionListener@ab7a938, org.springframework.test.context.support.DirtiesContextBeforeModesTestExecutionListener@3faf2e7d, org.springframework.test.context.event.ApplicationEventsTestExecutionListener@4648ce9, org.springframework.boot.test.mock.mockito.MockitoTestExecutionListener@569bf9eb, org.springframework.boot.test.autoconfigure.SpringBootDependencyInjectionTestExecutionListener@61526469, org.springframework.test.context.support.DirtiesContextTestExecutionListener@274872f8, org.springframework.test.context.transaction.TransactionalTestExecutionListener@76ba13c, org.springframework.test.context.jdbc.SqlScriptsTestExecutionListener@eb6449b, org.springframework.test.context.event.EventPublishingTestExecutionListener@7c351808, org.springframework.boot.test.autoconfigure.restdocs.RestDocsTestExecutionListener@180e6ac4, org.springframework.boot.test.autoconfigure.web.client.MockRestServiceServerResetTestExecutionListener@42b64ab8, org.springframework.boot.test.autoconfigure.web.servlet.MockMvcPrintOnlyOnFailureTestExecutionListener@7e985ce9, org.springframework.boot.test.autoconfigure.web.servlet.WebDriverTestExecutionListener@2a39fe6a, org.springframework.boot.test.autoconfigure.webservices.client.MockWebServiceServerTestExecutionListener@410ae9a3, org.springframework.boot.test.mock.mockito.ResetMocksTestExecutionListener@319988b0]
16:18:52.080 [Test worker] DEBUG org.springframework.test.context.support.AbstractDirtiesContextTestExecutionListener - Before test class: context [DefaultTestContext@fd0e5b6 testClass = UserconnectionTest, testInstance = [null], testMethod = [null], testException = [null], mergedContextConfiguration = [WebMergedContextConfiguration@4eed46ee testClass = UserconnectionTest, locations = '{}', classes = '{class com.example.demo.DemoApplication}', contextInitializerClasses = '[]', activeProfiles = '{}', propertySourceLocations = '{}', propertySourceProperties = '{org.springframework.boot.test.context.SpringBootTestContextBootstrapper=true}', contextCustomizers = set[org.springframework.boot.test.autoconfigure.actuate.metrics.MetricsExportContextCustomizerFactory$DisableMetricExportContextCustomizer@41709512, org.springframework.boot.test.autoconfigure.properties.PropertyMappingContextCustomizer@0, org.springframework.boot.test.autoconfigure.web.servlet.WebDriverContextCustomizerFactory$Customizer@6155d082, org.springframework.boot.test.context.filter.ExcludeFilterContextCustomizer@2dcd168a, org.springframework.boot.test.json.DuplicateJsonObjectContextCustomizerFactory$DuplicateJsonObjectContextCustomizer@7803bfd, org.springframework.boot.test.mock.mockito.MockitoContextCustomizer@2920f435, org.springframework.boot.test.web.client.TestRestTemplateContextCustomizer@18a136ac, org.springframework.boot.test.web.reactive.server.WebTestClientContextCustomizer@134d26af, org.springframework.boot.test.context.SpringBootTestArgs@1, org.springframework.boot.test.context.SpringBootTestWebEnvironment@6a6afff2], resourceBasePath = 'src/main/webapp', contextLoader = 'org.springframework.boot.test.context.SpringBootContextLoader', parent = [null]], attributes = map['org.springframework.test.context.web.ServletTestExecutionListener.activateListener' -> true]], class annotated with @DirtiesContext [false] with mode [null].

  .   ____          _            __ _ _
 /\\ / ___'_ __ _ _(_)_ __  __ _ \ \ \ \
( ( )\___ | '_ | '_| | '_ \/ _` | \ \ \ \
 \\/  ___)| |_)| | | | | || (_| |  ) ) ) )
  '  |____| .__|_| |_|_| |_\__, | / / / /
 =========|_|==============|___/=/_/_/_/
 :: Spring Boot ::               (v2.6.13)

2023-04-06 16:18:52.317  INFO 6586 --- [    Test worker] c.e.demo.Service.UserconnectionTest      : Starting UserconnectionTest using Java 11.0.18 on albanero-Ubuntu with PID 6586 (started by albanero in /home/albanero/Downloads/demo (1)/demo)
2023-04-06 16:18:52.319  INFO 6586 --- [    Test worker] c.e.demo.Service.UserconnectionTest      : No active profile set, falling back to 1 default profile: "default"
2023-04-06 16:18:52.775  INFO 6586 --- [    Test worker] .s.d.r.c.RepositoryConfigurationDelegate : Bootstrapping Spring Data MongoDB repositories in DEFAULT mode.
2023-04-06 16:18:52.870  INFO 6586 --- [    Test worker] .s.d.r.c.RepositoryConfigurationDelegate : Finished Spring Data repository scanning in 91 ms. Found 1 MongoDB repository interfaces.
2023-04-06 16:18:53.965  INFO 6586 --- [    Test worker] org.mongodb.driver.cluster               : Cluster created with settings {hosts=[127.0.0.1:27017], srvHost=cluster0.dxzlfnc.mongodb.net, mode=MULTIPLE, requiredClusterType=REPLICA_SET, serverSelectionTimeout='30000 ms', requiredReplicaSetName='atlas-defeab-shard-0'}
2023-04-06 16:18:54.024  INFO 6586 --- [fnc.mongodb.net] org.mongodb.driver.cluster               : Adding discovered server ac-si9ixn5-shard-00-02.dxzlfnc.mongodb.net:27017 to client view of cluster
2023-04-06 16:18:54.064  INFO 6586 --- [fnc.mongodb.net] org.mongodb.driver.cluster               : Adding discovered server ac-si9ixn5-shard-00-01.dxzlfnc.mongodb.net:27017 to client view of cluster
2023-04-06 16:18:54.065  INFO 6586 --- [fnc.mongodb.net] org.mongodb.driver.cluster               : Adding discovered server ac-si9ixn5-shard-00-00.dxzlfnc.mongodb.net:27017 to client view of cluster
2023-04-06 16:18:54.262  INFO 6586 --- [    Test worker] c.e.demo.Service.UserconnectionTest      : Started UserconnectionTest in 2.159 seconds (JVM running for 2.866)
]]></system-out>
  <system-err><![CDATA[]]></system-err>
</testsuite>
